==========
method: /listenDevice
date: 12:07:02
error: xx.3.8 - не удалось отправить сообщение в телеграмм 
codeMP: 492060148
numberPhone: 7999233
titleMP: Сообщение по отчету
==========
==========
method: /listenDevice
date: 12:08:21
error: xx.3.8 - не удалось отправить сообщение в телеграмм 
codeMP: 492060148
numberPhone: 7999233
titleMP: Сообщение по отчету
==========
==========
method: /listenDevice
date: 12:10:02
error: xx.3.8 - не удалось отправить сообщение в телеграмм 
codeMP: 492060148
numberPhone: 7999233
titleMP: Сообщение по отчету
==========
